# JRE version: Java(TM) SE Runtime Environment (8.0_31-b13) (build 1.8.0_31-b13)
# Java VM: Java HotSpot(TM) 64-Bit Server VM (25.31-b07 mixed mode windows-amd64 compressed oops)
Heap:
 PSYoungGen      total 143360K, used 129945K [0x00000000eab00000, 0x00000000f4c00000, 0x0000000100000000)
  eden space 123904K, 96% used [0x00000000eab00000,0x00000000f1f73f18,0x00000000f2400000)
  from space 19456K, 54% used [0x00000000f3700000,0x00000000f4172758,0x00000000f4a00000)
  to   space 19456K, 0% used [0x00000000f2400000,0x00000000f2400000,0x00000000f3700000)
 ParOldGen       total 103936K, used 68515K [0x00000000c0000000, 0x00000000c6580000, 0x00000000eab00000)
  object space 103936K, 65% used [0x00000000c0000000,0x00000000c42e8f08,0x00000000c6580000)
 Metaspace       used 67279K, capacity 79766K, committed 80128K, reserved 1116160K
  class space    used 8908K, capacity 12682K, committed 12800K, reserved 1048576K
GC Heap History (10 events):
Event: 99053.296 GC heap before
{Heap before GC invocations=146 (full 47):
 PSYoungGen      total 146944K, used 126395K [0x00000000eab00000, 0x00000000f4f80000, 0x0000000100000000)
  eden space 126464K, 99% used [0x00000000eab00000,0x00000000f266edf8,0x00000000f2680000)
  from space 20480K, 0% used [0x00000000f3b80000,0x00000000f3b80000,0x00000000f4f80000)
  to   space 20992K, 0% used [0x00000000f2680000,0x00000000f2680000,0x00000000f3b00000)
 ParOldGen       total 103936K, used 68991K [0x00000000c0000000, 0x00000000c6580000, 0x00000000eab00000)
  object space 103936K, 66% used [0x00000000c0000000,0x00000000c435ff70,0x00000000c6580000)
 Metaspace       used 66103K, capacity 77706K, committed 78720K, reserved 1116160K
  class space    used 8690K, capacity 12201K, committed 12416K, reserved 1048576K
Event: 99053.315 GC heap after
Heap after GC invocations=146 (full 47):
 PSYoungGen      total 132608K, used 9223K [0x00000000eab00000, 0x00000000f4a00000, 0x0000000100000000)
  eden space 122880K, 0% used [0x00000000eab00000,0x00000000eab00000,0x00000000f2300000)
  from space 9728K, 94% used [0x00000000f2680000,0x00000000f2f81cd8,0x00000000f3000000)
  to   space 19968K, 0% used [0x00000000f3680000,0x00000000f3680000,0x00000000f4a00000)
 ParOldGen       total 103936K, used 68999K [0x00000000c0000000, 0x00000000c6580000, 0x00000000eab00000)
  object space 103936K, 66% used [0x00000000c0000000,0x00000000c4361f70,0x00000000c6580000)
 Metaspace       used 66103K, capacity 77706K, committed 78720K, reserved 1116160K
  class space    used 8690K, capacity 12201K, committed 12416K, reserved 1048576K
}
Event: 99060.143 GC heap before
{Heap before GC invocations=147 (full 47):
 PSYoungGen      total 132608K, used 84021K [0x00000000eab00000, 0x00000000f4a00000, 0x0000000100000000)
  eden space 122880K, 60% used [0x00000000eab00000,0x00000000ef40b9a8,0x00000000f2300000)
  from space 9728K, 94% used [0x00000000f2680000,0x00000000f2f81cd8,0x00000000f3000000)
  to   space 19968K, 0% used [0x00000000f3680000,0x00000000f3680000,0x00000000f4a00000)
 ParOldGen       total 103936K, used 68999K [0x00000000c0000000, 0x00000000c6580000, 0x00000000eab00000)
  object space 103936K, 66% used [0x00000000c0000000,0x00000000c4361f70,0x00000000c6580000)
 Metaspace       used 66124K, capacity 77730K, committed 78720K, reserved 1116160K
  class space    used 8692K, capacity 12205K, committed 12416K, reserved 1048576K
Event: 99060.146 GC heap after
Heap after GC invocations=147 (full 47):
 PSYoungGen      total 142336K, used 912K [0x00000000eab00000, 0x00000000f4b00000, 0x0000000100000000)
  eden space 122368K, 0% used [0x00000000eab00000,0x00000000eab00000,0x00000000f2280000)
  from space 19968K, 4% used [0x00000000f3680000,0x00000000f3764030,0x00000000f4a00000)
  to   space 20480K, 0% used [0x00000000f2280000,0x00000000f2280000,0x00000000f3680000)
 ParOldGen       total 103936K, used 69007K [0x00000000c0000000, 0x00000000c6580000, 0x00000000eab00000)
  object space 103936K, 66% used [0x00000000c0000000,0x00000000c4363f70,0x00000000c6580000)
 Metaspace       used 66124K, capacity 77730K, committed 78720K, reserved 1116160K
  class space    used 8692K, capacity 12205K, committed 12416K, reserved 1048576K
}
Event: 99060.146 GC heap before
{Heap before GC invocations=148 (full 48):
 PSYoungGen      total 142336K, used 912K [0x00000000eab00000, 0x00000000f4b00000, 0x0000000100000000)
  eden space 122368K, 0% used [0x00000000eab00000,0x00000000eab00000,0x00000000f2280000)
  from space 19968K, 4% used [0x00000000f3680000,0x00000000f3764030,0x00000000f4a00000)
  to   space 20480K, 0% used [0x00000000f2280000,0x00000000f2280000,0x00000000f3680000)
 ParOldGen       total 103936K, used 69007K [0x00000000c0000000, 0x00000000c6580000, 0x00000000eab00000)
  object space 103936K, 66% used [0x00000000c0000000,0x00000000c4363f70,0x00000000c6580000)
 Metaspace       used 66124K, capacity 77730K, committed 78720K, reserved 1116160K
  class space    used 8692K, capacity 12205K, committed 12416K, reserved 1048576K
Event: 99060.456 GC heap after
Heap after GC invocations=148 (full 48):
 PSYoungGen      total 142336K, used 0K [0x00000000eab00000, 0x00000000f4b00000, 0x0000000100000000)
  eden space 122368K, 0% used [0x00000000eab00000,0x00000000eab00000,0x00000000f2280000)
  from space 19968K, 0% used [0x00000000f3680000,0x00000000f3680000,0x00000000f4a00000)
  to   space 20480K, 0% used [0x00000000f2280000,0x00000000f2280000,0x00000000f3680000)
 ParOldGen       total 103936K, used 68507K [0x00000000c0000000, 0x00000000c6580000, 0x00000000eab00000)
  object space 103936K, 65% used [0x00000000c0000000,0x00000000c42e6f08,0x00000000c6580000)
 Metaspace       used 66124K, capacity 77730K, committed 78720K, reserved 1116160K
  class space    used 8692K, capacity 12205K, committed 12416K, reserved 1048576K
}
Event: 99136.692 GC heap before
{Heap before GC invocations=149 (full 48):
 PSYoungGen      total 142336K, used 122368K [0x00000000eab00000, 0x00000000f4b00000, 0x0000000100000000)
  eden space 122368K, 100% used [0x00000000eab00000,0x00000000f2280000,0x00000000f2280000)
  from space 19968K, 0% used [0x00000000f3680000,0x00000000f3680000,0x00000000f4a00000)
  to   space 20480K, 0% used [0x00000000f2280000,0x00000000f2280000,0x00000000f3680000)
 ParOldGen       total 103936K, used 68507K [0x00000000c0000000, 0x00000000c6580000, 0x00000000eab00000)
  object space 103936K, 65% used [0x00000000c0000000,0x00000000c42e6f08,0x00000000c6580000)
 Metaspace       used 66397K, capacity 78360K, committed 79104K, reserved 1116160K
  class space    used 8743K, capacity 12367K, committed 12544K, reserved 1048576K
Event: 99136.702 GC heap after
Heap after GC invocations=149 (full 48):
 PSYoungGen      total 142848K, used 4864K [0x00000000eab00000, 0x00000000f4a00000, 0x0000000100000000)
  eden space 122368K, 0% used [0x00000000eab00000,0x00000000eab00000,0x00000000f2280000)
  from space 20480K, 23% used [0x00000000f2280000,0x00000000f2740270,0x00000000f3680000)
  to   space 19456K, 0% used [0x00000000f3700000,0x00000000f3700000,0x00000000f4a00000)
 ParOldGen       total 103936K, used 68507K [0x00000000c0000000, 0x00000000c6580000, 0x00000000eab00000)
  object space 103936K, 65% used [0x00000000c0000000,0x00000000c42e6f08,0x00000000c6580000)
 Metaspace       used 66397K, capacity 78360K, committed 79104K, reserved 1116160K
  class space    used 8743K, capacity 12367K, committed 12544K, reserved 1048576K
}
Event: 99140.183 GC heap before
{Heap before GC invocations=150 (full 48):
 PSYoungGen      total 142848K, used 127232K [0x00000000eab00000, 0x00000000f4a00000, 0x0000000100000000)
  eden space 122368K, 100% used [0x00000000eab00000,0x00000000f2280000,0x00000000f2280000)
  from space 20480K, 23% used [0x00000000f2280000,0x00000000f2740270,0x00000000f3680000)
  to   space 19456K, 0% used [0x00000000f3700000,0x00000000f3700000,0x00000000f4a00000)
 ParOldGen       total 103936K, used 68507K [0x00000000c0000000, 0x00000000c6580000, 0x00000000eab00000)
  object space 103936K, 65% used [0x00000000c0000000,0x00000000c42e6f08,0x00000000c6580000)
 Metaspace       used 67227K, capacity 79642K, committed 79744K, reserved 1116160K
  class space    used 8899K, capacity 12647K, committed 12672K, reserved 1048576K
Event: 99140.215 GC heap after
Heap after GC invocations=150 (full 48):
 PSYoungGen      total 143360K, used 10697K [0x00000000eab00000, 0x00000000f4c00000, 0x0000000100000000)
  eden space 123904K, 0% used [0x00000000eab00000,0x00000000eab00000,0x00000000f2400000)
  from space 19456K, 54% used [0x00000000f3700000,0x00000000f4172758,0x00000000f4a00000)
  to   space 19456K, 0% used [0x00000000f2400000,0x00000000f2400000,0x00000000f3700000)
 ParOldGen       total 103936K, used 68515K [0x00000000c0000000, 0x00000000c6580000, 0x00000000eab00000)
  object space 103936K, 65% used [0x00000000c0000000,0x00000000c42e8f08,0x00000000c6580000)
 Metaspace       used 67227K, capacity 79642K, committed 79744K, reserved 1116160K
  class space    used 8899K, capacity 12647K, committed 12672K, reserved 1048576K
}

